<?xml version="1.0" encoding="UTF-8"?>
<testsuite xmlns:xsi="http://www.w3.org/2001/XMLSchema-instance" xsi:noNamespaceSchemaLocation="https://maven.apache.org/surefire/maven-surefire-plugin/xsd/surefire-test-report-3.0.xsd" version="3.0" name="br.com.projetoconclusao.volumes.CalculadoraVolumesTest" time="0.168" tests="7" errors="0" skipped="0" failures="0">
  <properties>
[...]
</properties>
  <testcase name="deveCalcularVolumeCuboSimples" classname="br.com.projetoconclusao.volumes.CalculadoraVolumesTest" time="0.021"/>
  <testcase name="deveCalcularVolumeParalelepipedoComLista(double, double, double, double)[1]" classname="br.com.projetoconclusao.volumes.CalculadoraVolumesTest" time="0.024"/>
  <testcase name="deveCalcularVolumeParalelepipedoComLista(double, double, double, double)[2]" classname="br.com.projetoconclusao.volumes.CalculadoraVolumesTest" time="0.001"/>
  <testcase name="deveCalcularVolumeParalelepipedoComLista(double, double, double, double)[3]" classname="br.com.projetoconclusao.volumes.CalculadoraVolumesTest" time="0.001"/>
  <testcase name="deveCalcularVolumeEsferaComCsv(double, double)[1]" classname="br.com.projetoconclusao.volumes.CalculadoraVolumesTest" time="0.002"/>
  <testcase name="deveCalcularVolumeEsferaComCsv(double, double)[2]" classname="br.com.projetoconclusao.volumes.CalculadoraVolumesTest" time="0.0"/>
  <testcase name="deveCalcularVolumeEsferaComCsv(double, double)[3]" classname="br.com.projetoconclusao.volumes.CalculadoraVolumesTest" time="0.0"/>
</testsuite>