<?xml version="1.0" encoding="UTF-8"?>
<testsuite xmlns:xsi="http://www.w3.org/2001/XMLSchema-instance" xsi:noNamespaceSchemaLocation="https://maven.apache.org/surefire/maven-surefire-plugin/xsd/surefire-test-report-3.0.xsd" version="3.0" name="br.com.projetoconclusao.saucedemo.runner.RunCucumberTest" time="6.199" tests="2" errors="0" skipped="0" failures="0">
  <properties>
[...]
</properties>
  <testcase name="Validar nome e preço do produto em todas as telas #1" classname="Consulta de produto até o carrinho" time="3.341">
    <system-out><![CDATA[
Esquema do Cenario: Validar nome e preÃ§o do produto em todas as telas                  &amp#27;[90m# src/test/resources/features/consulta_produto_carrinho.feature:14&amp#27;[0m
  &amp#27;[32mDado &amp#27;[0m&amp#27;[32mque estou logado na SauceDemo&amp#27;[0m                                                   &amp#27;[90m# br.com.projetoconclusao.saucedemo.steps.ConsultaProdutoCarrinhoSteps.que_estou_logado_na_sauce_demo()&amp#27;[0m
  &amp#27;[32mQuando &amp#27;[0m&amp#27;[32meu consulto o produto &amp#27;[0m&amp#27;[32m&amp#27;[1m"Sauce Labs Backpack"&amp#27;[0m&amp#27;[32m com preco &amp#27;[0m&amp#27;[32m&amp#27;[1m"$29.99"&amp#27;[0m&amp#27;[32m ate o carrinho&amp#27;[0m &amp#27;[90m# br.com.projetoconclusao.saucedemo.steps.ConsultaProdutoCarrinhoSteps.eu_consulto_o_produto_com_preco_ate_o_carrinho(java.lang.String,java.lang.String)&amp#27;[0m
  &amp#27;[32mEntao &amp#27;[0m&amp#27;[32mo nome e o preco devem permanecer os mesmos em todas as telas&amp#27;[0m                  &amp#27;[90m# br.com.projetoconclusao.saucedemo.steps.ConsultaProdutoCarrinhoSteps.o_nome_e_o_preco_devem_permanecer_os_mesmos_em_todas_as_telas()&amp#27;[0m
]]></system-out>
    <system-err><![CDATA[SLF4J(W): No SLF4J providers were found.
SLF4J(W): Defaulting to no-operation (NOP) logger implementation
SLF4J(W): See https://www.slf4j.org/codes.html#noProviders for further details.
nov. 30, 2025 4:30:50 PM org.openqa.selenium.devtools.CdpVersionFinder findNearestMatch
WARNING: Unable to find CDP implementation matching 142
nov. 30, 2025 4:30:50 PM org.openqa.selenium.chromium.ChromiumDriver lambda$new$5
WARNING: Unable to find version of CDP to use for 142.0.7444.176. You may need to include a dependency on a specific version of the CDP using something similar to `org.seleniumhq.selenium:selenium-devtools-v86:4.23.0` where the version ("v86") matches the version of the chromium-based browser you're using and the version number of the artifact is the same as Selenium's.
]]></system-err>
  </testcase>
  <testcase name="Validar nome e preço do produto em todas as telas #2" classname="Consulta de produto até o carrinho" time="2.535">
    <system-out><![CDATA[
Esquema do Cenario: Validar nome e preÃ§o do produto em todas as telas                      &amp#27;[90m# src/test/resources/features/consulta_produto_carrinho.feature:15&amp#27;[0m
  &amp#27;[32mDado &amp#27;[0m&amp#27;[32mque estou logado na SauceDemo&amp#27;[0m                                                       &amp#27;[90m# br.com.projetoconclusao.saucedemo.steps.ConsultaProdutoCarrinhoSteps.que_estou_logado_na_sauce_demo()&amp#27;[0m
  &amp#27;[32mQuando &amp#27;[0m&amp#27;[32meu consulto o produto &amp#27;[0m&amp#27;[32m&amp#27;[1m"Sauce Labs Bolt T-Shirt"&amp#27;[0m&amp#27;[32m com preco &amp#27;[0m&amp#27;[32m&amp#27;[1m"$15.99"&amp#27;[0m&amp#27;[32m ate o carrinho&amp#27;[0m &amp#27;[90m# br.com.projetoconclusao.saucedemo.steps.ConsultaProdutoCarrinhoSteps.eu_consulto_o_produto_com_preco_ate_o_carrinho(java.lang.String,java.lang.String)&amp#27;[0m
  &amp#27;[32mEntao &amp#27;[0m&amp#27;[32mo nome e o preco devem permanecer os mesmos em todas as telas&amp#27;[0m                      &amp#27;[90m# br.com.projetoconclusao.saucedemo.steps.ConsultaProdutoCarrinhoSteps.o_nome_e_o_preco_devem_permanecer_os_mesmos_em_todas_as_telas()&amp#27;[0m
]]></system-out>
    <system-err><![CDATA[nov. 30, 2025 4:30:52 PM org.openqa.selenium.devtools.CdpVersionFinder findNearestMatch
WARNING: Unable to find CDP implementation matching 142
nov. 30, 2025 4:30:52 PM org.openqa.selenium.chromium.ChromiumDriver lambda$new$5
WARNING: Unable to find version of CDP to use for 142.0.7444.176. You may need to include a dependency on a specific version of the CDP using something similar to `org.seleniumhq.selenium:selenium-devtools-v86:4.23.0` where the version ("v86") matches the version of the chromium-based browser you're using and the version number of the artifact is the same as Selenium's.
]]></system-err>
  </testcase>
</testsuite>