<?xml version="1.0" encoding="UTF-8"?>
<testsuite xmlns:xsi="http://www.w3.org/2001/XMLSchema-instance" xsi:noNamespaceSchemaLocation="https://maven.apache.org/surefire/maven-surefire-plugin/xsd/surefire-test-report-3.0.xsd" version="3.0" name="br.com.projetoconclusao.mobile.calculadora.SomaCsvComPageObjectTest" time="19.183" tests="3" errors="0" skipped="0" failures="0">
  <properties>
[...]
</properties>
  <testcase name="deveSomarNumerosUsandoPageObjectELendoDoCsv[0: 1 + 2 = 3]" classname="br.com.projetoconclusao.mobile.calculadora.SomaCsvComPageObjectTest" time="6.37"/>
  <testcase name="deveSomarNumerosUsandoPageObjectELendoDoCsv[1: 5 + 7 = 12]" classname="br.com.projetoconclusao.mobile.calculadora.SomaCsvComPageObjectTest" time="5.78"/>
  <testcase name="deveSomarNumerosUsandoPageObjectELendoDoCsv[2: 10 + 15 = 25]" classname="br.com.projetoconclusao.mobile.calculadora.SomaCsvComPageObjectTest" time="6.957"/>
</testsuite>