<?xml version="1.0" encoding="UTF-8"?>
<testsuite xmlns:xsi="http://www.w3.org/2001/XMLSchema-instance" xsi:noNamespaceSchemaLocation="https://maven.apache.org/surefire/maven-surefire-plugin/xsd/surefire-test-report-3.0.xsd" version="3.0" name="br.com.projetoconclusao.bookstore.BookStoreApiTest" time="2.646" tests="4" errors="0" skipped="0" failures="0">
  <properties>
[...]
</properties>
  <testcase name="deveTentarCadastrarUsuario" classname="br.com.projetoconclusao.bookstore.BookStoreApiTest" time="0.226">
    <system-out><![CDATA[Erro ao cadastrar usuário: Cannot serialize object because no JSON serializer found in classpath. Please put Jackson (Databind), Gson, Johnzon, or Yasson in the classpath.
]]></system-out>
  </testcase>
  <testcase name="deveTentarAutenticarUsuario" classname="br.com.projetoconclusao.bookstore.BookStoreApiTest" time="0.002">
    <system-out><![CDATA[Erro ao autenticar usuário: Cannot serialize object because no JSON serializer found in classpath. Please put Jackson (Databind), Gson, Johnzon, or Yasson in the classpath.
]]></system-out>
  </testcase>
  <testcase name="deveTentarCadastrarLivro" classname="br.com.projetoconclusao.bookstore.BookStoreApiTest" time="0.001">
    <system-out><![CDATA[Token ou userId nulos. Pulando cadastro de livro.
]]></system-out>
  </testcase>
  <testcase name="deveTentarConsultarLivro" classname="br.com.projetoconclusao.bookstore.BookStoreApiTest" time="2.087">
    <system-out><![CDATA[Request method:	GET
Request URI:	https://bookstore.toolsqa.com/BookStore/v1/Book?ISBN=9781449325862
Proxy:			<none>
Request params:	<none>
Query params:	<none>
Form params:	<none>
Path params:	<none>
Headers:		Accept=*/*
				Content-Type=application/json
Cookies:		<none>
Multiparts:		<none>
Body:			<none>
HTTP/1.1 200 OK
Server: nginx/1.17.10 (Ubuntu)
Date: Sun, 30 Nov 2025 17:50:53 GMT
Content-Type: application/json; charset=utf-8
Content-Length: 549
Connection: keep-alive
X-Powered-By: Express
ETag: W/"225-6wegpsdSbs3Zjpo/5fzJQey1dRQ"

{
    "isbn": "9781449325862",
    "title": "Git Pocket Guide",
    "subTitle": "A Working Introduction",
    "author": "Richard E. Silverman",
    "publish_date": "2020-06-04T08:48:39.000Z",
    "publisher": "O'Reilly Media",
    "pages": 234,
    "description": "This pocket guide is the perfect on-the-job companion to Git, the distributed version control system. It provides a compact, readable introduction to Git for new users, as well as a reference to common commands and procedures for those of you with Git exp",
    "website": "http://chimera.labs.oreilly.com/books/1230000000561/index.html"
}
Status da consulta de livro: 200
]]></system-out>
  </testcase>
</testsuite>